<?xml version="1.0" encoding="UTF-8"?>
<testng-results ignored="0" total="1" passed="0" failed="1" skipped="0">
  <reporter-output>
    <line>
      <![CDATA[successfully logout from actitime]]>
    </line>
  </reporter-output>
  <suite started-at="2023-07-14T11:15:04 IST" name="Default suite" finished-at="2023-07-14T11:15:33 IST" duration-ms="28599">
    <groups>
    </groups>
    <test started-at="2023-07-14T11:15:04 IST" name="Default test" finished-at="2023-07-14T11:15:33 IST" duration-ms="28599">
      <class name="com.actitime.testscript.Excecute">
        <test-method is-config="true" signature="openBrowser()[pri:0, instance:com.actitime.testscript.Excecute@245b4bdc]" started-at="2023-07-14T11:15:04 IST" name="openBrowser" finished-at="2023-07-14T11:15:06 IST" duration-ms="1985" status="PASS">
          <reporter-output>
          </reporter-output>
        </test-method> <!-- openBrowser -->
        <test-method is-config="true" signature="login()[pri:0, instance:com.actitime.testscript.Excecute@245b4bdc]" started-at="2023-07-14T11:15:06 IST" name="login" finished-at="2023-07-14T11:15:21 IST" duration-ms="14686" status="PASS">
          <reporter-output>
          </reporter-output>
        </test-method> <!-- login -->
        <test-method signature="actitimelogin()[pri:0, instance:com.actitime.testscript.Excecute@245b4bdc]" started-at="2023-07-14T11:15:21 IST" name="actitimelogin" finished-at="2023-07-14T11:15:21 IST" duration-ms="13" status="FAIL">
          <exception class="java.lang.AssertionError">
            <message>
              <![CDATA[null]]>
            </message>
            <full-stacktrace>
              <![CDATA[java.lang.AssertionError: null
at org.testng.Assert.fail(Assert.java:99)
at org.testng.Assert.fail(Assert.java:106)
at com.actitime.testscript.Excecute.actitimelogin(Excecute.java:16)
at java.base/jdk.internal.reflect.DirectMethodHandleAccessor.invoke(DirectMethodHandleAccessor.java:104)
at java.base/java.lang.reflect.Method.invoke(Method.java:578)
at org.testng.internal.MethodInvocationHelper.invokeMethod(MethodInvocationHelper.java:133)
at org.testng.internal.TestInvoker.invokeMethod(TestInvoker.java:598)
at org.testng.internal.TestInvoker.invokeTestMethod(TestInvoker.java:173)
at org.testng.internal.MethodRunner.runInSequence(MethodRunner.java:46)
at org.testng.internal.TestInvoker$MethodInvocationAgent.invoke(TestInvoker.java:824)
at org.testng.internal.TestInvoker.invokeTestMethods(TestInvoker.java:146)
at org.testng.internal.TestMethodWorker.invokeTestMethods(TestMethodWorker.java:146)
at org.testng.internal.TestMethodWorker.run(TestMethodWorker.java:128)
at java.base/java.util.ArrayList.forEach(ArrayList.java:1511)
at org.testng.TestRunner.privateRun(TestRunner.java:794)
at org.testng.TestRunner.run(TestRunner.java:596)
at org.testng.SuiteRunner.runTest(SuiteRunner.java:377)
at org.testng.SuiteRunner.runSequentially(SuiteRunner.java:371)
at org.testng.SuiteRunner.privateRun(SuiteRunner.java:332)
at org.testng.SuiteRunner.run(SuiteRunner.java:276)
at org.testng.SuiteRunnerWorker.runSuite(SuiteRunnerWorker.java:53)
at org.testng.SuiteRunnerWorker.run(SuiteRunnerWorker.java:96)
at org.testng.TestNG.runSuitesSequentially(TestNG.java:1212)
at org.testng.TestNG.runSuitesLocally(TestNG.java:1134)
at org.testng.TestNG.runSuites(TestNG.java:1063)
at org.testng.TestNG.run(TestNG.java:1031)
at org.testng.remote.AbstractRemoteTestNG.run(AbstractRemoteTestNG.java:115)
at org.testng.remote.RemoteTestNG.initAndRun(RemoteTestNG.java:251)
at org.testng.remote.RemoteTestNG.main(RemoteTestNG.java:77)
]]>
            </full-stacktrace>
          </exception> <!-- java.lang.AssertionError -->
          <reporter-output>
            <line>
              <![CDATA[successfully logout from actitime]]>
            </line>
          </reporter-output>
        </test-method> <!-- actitimelogin -->
        <test-method is-config="true" signature="logout()[pri:0, instance:com.actitime.testscript.Excecute@245b4bdc]" started-at="2023-07-14T11:15:21 IST" name="logout" finished-at="2023-07-14T11:15:33 IST" duration-ms="11282" status="PASS">
          <reporter-output>
          </reporter-output>
        </test-method> <!-- logout -->
        <test-method is-config="true" signature="closeBrowser()[pri:0, instance:com.actitime.testscript.Excecute@245b4bdc]" started-at="2023-07-14T11:15:33 IST" name="closeBrowser" finished-at="2023-07-14T11:15:33 IST" duration-ms="417" status="PASS">
          <reporter-output>
          </reporter-output>
        </test-method> <!-- closeBrowser -->
      </class> <!-- com.actitime.testscript.Excecute -->
    </test> <!-- Default test -->
  </suite> <!-- Default suite -->
</testng-results>
